
> @rubenpazch/lbyte-ui-library@1.0.20 build-storybook /Users/rubenpaz/personal/lbyte-ui-library
> pnpm --filter @rubenpazch/storybook run build-storybook "--output-dir=/var/folders/87/mb23k9455vl5hrry5pz_tj600000gn/T/chromatic--70144-RVQbjaJ1Hkpy"


> @rubenpazch/storybook@3.0.1 build-storybook /Users/rubenpaz/personal/lbyte-ui-library/apps/storybook
> storybook build "--output-dir=/var/folders/87/mb23k9455vl5hrry5pz_tj600000gn/T/chromatic--70144-RVQbjaJ1Hkpy"


[90m┌[39m  Building storybook v10.1.10
[90m│[39m
[32m◇[39m  Cleaning outputDir:
[90m│[39m  [36m../../../../../../var/folders/87/mb23k9455vl5hrry5pz_tj600000gn/T/chromatic--70144-RVQbjaJ1Hkpy[39m
[90m│[39m
[32m◇[39m  Loading presets
[90m│[39m
[32m◇[39m  Building manager..
[90m│[39m
[34m●[39m  Building preview..
[90m│[39m  [43mVite[49m [36mvite v7.3.0 [32mbuilding client environment for production...[36m[39m
[90m│[39m  [43mVite[49m transforming...
[90m│[39m  [43mVite[49m [32m✓[39m 332 modules transformed.
[90m│[39m  [43mVite[49m rendering chunks...
[90m│[39m  [43mVite[49m computing gzip size...
[90m│[39m  [43mVite[49m
[90m│[39m  [2m../../../../../../var/folders/87/mb23k9455vl5hrry5pz_tj600000gn/T/chromatic--70144-RVQbjaJ1Hkpy/[22m[32miframe.html[39m[1m[2m[22m
[90m│[39m  [2m18.04 kB[22m[1m[22m[2m │ gzip:   5.10 kB[22m
[90m│[39m  [43mVite[49m
[90m│[39m  [2m../../../../../../var/folders/87/mb23k9455vl5hrry5pz_tj600000gn/T/chromatic--70144-RVQbjaJ1Hkpy/[22m[2massets/[22m[35miframe-kVhzwqWZ.css[39m[1m[2m[22m
[90m│[39m  [2m35.58 kB[22m[1m[22m[2m │ gzip:   6.96 kB[22m
[90m│[39m  [43mVite[49m
[90m│[39m  [2m../../../../../../var/folders/87/mb23k9455vl5hrry5pz_tj600000gn/T/chromatic--70144-RVQbjaJ1Hkpy/[22m[2massets/[22m[36mformatter-QJ4M4OGQ-DlOm9s2K.js[39m[1m[2m[22m
[90m│[39m  [2m0.29 kB[22m[1m[22m[2m │ gzip:   0.24 kB[22m
[90m│[39m  [43mVite[49m
[90m│[39m  [2m../../../../../../var/folders/87/mb23k9455vl5hrry5pz_tj600000gn/T/chromatic--70144-RVQbjaJ1Hkpy/[22m[2massets/[22m[36mMinusIcon-DZE21QYs.js[39m[1m[2m[22m
[90m│[39m  [2m0.36 kB[22m[1m[22m[2m │ gzip:   0.28 kB[22m
[90m│[39m  [43mVite[49m
[90m│[39m  [2m../../../../../../var/folders/87/mb23k9455vl5hrry5pz_tj600000gn/T/chromatic--70144-RVQbjaJ1Hkpy/[22m[2massets/[22m[36mCloseIcon-qthbXuEZ.js[39m[1m[2m[22m
[90m│[39m  [2m0.37 kB[22m[1m[22m[2m │ gzip:   0.29 kB[22m
[90m│[39m  [43mVite[49m
[90m│[39m  [2m../../../../../../var/folders/87/mb23k9455vl5hrry5pz_tj600000gn/T/chromatic--70144-RVQbjaJ1Hkpy/[22m[2massets/[22m[36mPlusIcon-BgVvW0ag.js[39m[1m[2m[22m
[90m│[39m  [2m0.41 kB[22m[1m[22m[2m │ gzip:   0.32 kB[22m
[90m│[39m  [43mVite[49m
[90m│[39m  [2m../../../../../../var/folders/87/mb23k9455vl5hrry5pz_tj600000gn/T/chromatic--70144-RVQbjaJ1Hkpy/[22m[2massets/[22m[36mDownloadIcon-D30lwoAb.js[39m[1m[2m[22m
[90m│[39m  [2m0.42 kB[22m[1m[22m[2m │ gzip:   0.31 kB[22m
[90m│[39m  [43mVite[49m
[90m│[39m  [2m../../../../../../var/folders/87/mb23k9455vl5hrry5pz_tj600000gn/T/chromatic--70144-RVQbjaJ1Hkpy/[22m[2massets/[22m[36mArrowRightIcon-Va-2NYAL.js[39m[1m[2m[22m
[90m│[39m  [2m0.42 kB[22m[1m[22m[2m │ gzip:   0.31 kB[22m
[90m│[39m  [43mVite[49m
[90m│[39m  [2m../../../../../../var/folders/87/mb23k9455vl5hrry5pz_tj600000gn/T/chromatic--70144-RVQbjaJ1Hkpy/[22m[2massets/[22m[36mClockIcon-BuEtW5m6.js[39m[1m[2m[22m
[90m│[39m  [2m0.42 kB[22m[1m[22m[2m │ gzip:   0.32 kB[22m
[90m│[39m  [43mVite[49m
[90m│[39m  [2m../../../../../../var/folders/87/mb23k9455vl5hrry5pz_tj600000gn/T/chromatic--70144-RVQbjaJ1Hkpy/[22m[2massets/[22m[36mArrowLeftIcon.stories-CJJRoWz2.js[39m[1m[2m[22m
[90m│[39m  [2m0.42 kB[22m[1m[22m[2m │ gzip:   0.28 kB[22m
[90m│[39m  [43mVite[49m
[90m│[39m  [2m../../../../../../var/folders/87/mb23k9455vl5hrry5pz_tj600000gn/T/chromatic--70144-RVQbjaJ1Hkpy/[22m[2massets/[22m[36mArrowRightIcon.stories-DBQR-g1J.js[39m[1m[2m[22m
[90m│[39m  [2m0.42 kB[22m[1m[22m[2m │ gzip:   0.28 kB[22m
[90m│[39m  [43mVite[49m
[90m│[39m  [2m../../../../../../var/folders/87/mb23k9455vl5hrry5pz_tj600000gn/T/chromatic--70144-RVQbjaJ1Hkpy/[22m[2massets/[22m[36mArrowLeftIcon-CnS7es1J.js[39m[1m[2m[22m
[90m│[39m  [2m0.42 kB[22m[1m[22m[2m │ gzip:   0.31 kB[22m
[90m│[39m  [43mVite[49m
[90m│[39m  [2m../../../../../../var/folders/87/mb23k9455vl5hrry5pz_tj600000gn/T/chromatic--70144-RVQbjaJ1Hkpy/[22m[2massets/[22m[36mHomeIcon-BpP_CbN5.js[39m[1m[2m[22m
[90m│[39m  [2m0.42 kB[22m[1m[22m[2m │ gzip:   0.32 kB[22m
[90m│[39m  [43mVite[49m
[90m│[39m  [2m../../../../../../var/folders/87/mb23k9455vl5hrry5pz_tj600000gn/T/chromatic--70144-RVQbjaJ1Hkpy/[22m[2massets/[22m[36mPatientIcon-Bnhcby5z.js[39m[1m[2m[22m
[90m│[39m  [2m0.44 kB[22m[1m[22m[2m │ gzip:   0.33 kB[22m
[90m│[39m  [43mVite[49m
[90m│[39m  [2m../../../../../../var/folders/87/mb23k9455vl5hrry5pz_tj600000gn/T/chromatic--70144-RVQbjaJ1Hkpy/[22m[2massets/[22m[36mUserSelectIcon-B8xG9uBd.js[39m[1m[2m[22m
[90m│[39m  [2m0.44 kB[22m[1m[22m[2m │ gzip:   0.33 kB[22m
[90m│[39m  [43mVite[49m
[90m│[39m  [2m../../../../../../var/folders/87/mb23k9455vl5hrry5pz_tj600000gn/T/chromatic--70144-RVQbjaJ1Hkpy/[22m[2massets/[22m[36mEyeIcon-yUp--_Zg.js[39m[1m[2m[22m
[90m│[39m  [2m0.44 kB[22m[1m[22m[2m │ gzip:   0.32 kB[22m
[90m│[39m  [43mVite[49m
[90m│[39m  [2m../../../../../../var/folders/87/mb23k9455vl5hrry5pz_tj600000gn/T/chromatic--70144-RVQbjaJ1Hkpy/[22m[2massets/[22m[36mSearchIcon-GUZ9qMiB.js[39m[1m[2m[22m
[90m│[39m  [2m0.45 kB[22m[1m[22m[2m │ gzip:   0.34 kB[22m
[90m│[39m  [43mVite[49m
[90m│[39m  [2m../../../../../../var/folders/87/mb23k9455vl5hrry5pz_tj600000gn/T/chromatic--70144-RVQbjaJ1Hkpy/[22m[2massets/[22m[36mFilterIcon-BC6Hs3YE.js[39m[1m[2m[22m
[90m│[39m  [2m0.45 kB[22m[1m[22m[2m │ gzip:   0.34 kB[22m
[90m│[39m  [43mVite[49m
[90m│[39m  [2m../../../../../../var/folders/87/mb23k9455vl5hrry5pz_tj600000gn/T/chromatic--70144-RVQbjaJ1Hkpy/[22m[2massets/[22m[36mChevronIcon-B5nxY9tx.js[39m[1m[2m[22m
[90m│[39m  [2m0.46 kB[22m[1m[22m[2m │ gzip:   0.33 kB[22m
[90m│[39m  [43mVite[49m
[90m│[39m  [2m../../../../../../var/folders/87/mb23k9455vl5hrry5pz_tj600000gn/T/chromatic--70144-RVQbjaJ1Hkpy/[22m[2massets/[22m[36mInfoIcon-C-g9ja5E.js[39m[1m[2m[22m
[90m│[39m  [2m0.46 kB[22m[1m[22m[2m │ gzip:   0.35 kB[22m
[90m│[39m  [43mVite[49m
[90m│[39m  [2m../../../../../../var/folders/87/mb23k9455vl5hrry5pz_tj600000gn/T/chromatic--70144-RVQbjaJ1Hkpy/[22m[2massets/[22m[36mindex-C9cbwthq.js[39m[1m[2m[22m
[90m│[39m  [2m0.46 kB[22m[1m[22m[2m │ gzip:   0.30 kB[22m
[90m│[39m  [43mVite[49m
[90m│[39m  [2m../../../../../../var/folders/87/mb23k9455vl5hrry5pz_tj600000gn/T/chromatic--70144-RVQbjaJ1Hkpy/[22m[2massets/[22m[36mArrowDetailsIcon-C2wwKcWs.js[39m[1m[2m[22m
[90m│[39m  [2m0.48 kB[22m[1m[22m[2m │ gzip:   0.36 kB[22m
[90m│[39m  [43mVite[49m
[90m│[39m  [2m../../../../../../var/folders/87/mb23k9455vl5hrry5pz_tj600000gn/T/chromatic--70144-RVQbjaJ1Hkpy/[22m[2massets/[22m[36mPrescriptionIcon-DogjkFiM.js[39m[1m[2m[22m
[90m│[39m  [2m0.48 kB[22m[1m[22m[2m │ gzip:   0.34 kB[22m
[90m│[39m  [43mVite[49m
[90m│[39m  [2m../../../../../../var/folders/87/mb23k9455vl5hrry5pz_tj600000gn/T/chromatic--70144-RVQbjaJ1Hkpy/[22m[2massets/[22m[36mEmailIcon-RvnYjd96.js[39m[1m[2m[22m
[90m│[39m  [2m0.48 kB[22m[1m[22m[2m │ gzip:   0.35 kB[22m
[90m│[39m  [43mVite[49m
[90m│[39m  [2m../../../../../../var/folders/87/mb23k9455vl5hrry5pz_tj600000gn/T/chromatic--70144-RVQbjaJ1Hkpy/[22m[2massets/[22m[36mjsx-runtime-u17CrQMm.js[39m[1m[2m[22m
[90m│[39m  [2m0.48 kB[22m[1m[22m[2m │ gzip:   0.31 kB[22m
[90m│[39m  [43mVite[49m
[90m│[39m  [2m../../../../../../var/folders/87/mb23k9455vl5hrry5pz_tj600000gn/T/chromatic--70144-RVQbjaJ1Hkpy/[22m[2massets/[22m[36mZoomOutIcon-smGAVPU2.js[39m[1m[2m[22m
[90m│[39m  [2m0.48 kB[22m[1m[22m[2m │ gzip:   0.35 kB[22m
[90m│[39m  [43mVite[49m
[90m│[39m  [2m../../../../../../var/folders/87/mb23k9455vl5hrry5pz_tj600000gn/T/chromatic--70144-RVQbjaJ1Hkpy/[22m[2massets/[22m[36mMoreIcon-BgPgppXM.js[39m[1m[2m[22m
[90m│[39m  [2m0.49 kB[22m[1m[22m[2m │ gzip:   0.33 kB[22m
[90m│[39m  [43mVite[49m
[90m│[39m  [2m../../../../../../var/folders/87/mb23k9455vl5hrry5pz_tj600000gn/T/chromatic--70144-RVQbjaJ1Hkpy/[22m[2massets/[22m[36mCheckIcon-CgFxnX2B.js[39m[1m[2m[22m
[90m│[39m  [2m0.50 kB[22m[1m[22m[2m │ gzip:   0.36 kB[22m
[90m│[39m  [43mVite[49m
[90m│[39m  [2m../../../../../../var/folders/87/mb23k9455vl5hrry5pz_tj600000gn/T/chromatic--70144-RVQbjaJ1Hkpy/[22m[2massets/[22m[36mCityIcon-7ADCLWqc.js[39m[1m[2m[22m
[90m│[39m  [2m0.51 kB[22m[1m[22m[2m │ gzip:   0.38 kB[22m
[90m│[39m  [43mVite[49m
[90m│[39m  [2m../../../../../../var/folders/87/mb23k9455vl5hrry5pz_tj600000gn/T/chromatic--70144-RVQbjaJ1Hkpy/[22m[2massets/[22m[36mCalendarIcon-Bf14nPZN.js[39m[1m[2m[22m
[90m│[39m  [2m0.52 kB[22m[1m[22m[2m │ gzip:   0.37 kB[22m
[90m│[39m  [43mVite[49m
[90m│[39m  [2m../../../../../../var/folders/87/mb23k9455vl5hrry5pz_tj600000gn/T/chromatic--70144-RVQbjaJ1Hkpy/[22m[2massets/[22m[36mDocumentIcon-y0RMZYEP.js[39m[1m[2m[22m
[90m│[39m  [2m0.52 kB[22m[1m[22m[2m │ gzip:   0.38 kB[22m
[90m│[39m  [43mVite[49m
[90m│[39m  [2m../../../../../../var/folders/87/mb23k9455vl5hrry5pz_tj600000gn/T/chromatic--70144-RVQbjaJ1Hkpy/[22m[2massets/[22m[36mRefreshIcon-C2BIAHWo.js[39m[1m[2m[22m
[90m│[39m  [2m0.52 kB[22m[1m[22m[2m │ gzip:   0.39 kB[22m
[90m│[39m  [43mVite[49m
[90m│[39m  [2m../../../../../../var/folders/87/mb23k9455vl5hrry5pz_tj600000gn/T/chromatic--70144-RVQbjaJ1Hkpy/[22m[2massets/[22m[36mEditIcon-x5OVZ501.js[39m[1m[2m[22m
[90m│[39m  [2m0.53 kB[22m[1m[22m[2m │ gzip:   0.38 kB[22m
[90m│[39m  [43mVite[49m
[90m│[39m  [2m../../../../../../var/folders/87/mb23k9455vl5hrry5pz_tj600000gn/T/chromatic--70144-RVQbjaJ1Hkpy/[22m[2massets/[22m[36mPatientsIcon-ieJLEs-z.js[39m[1m[2m[22m
[90m│[39m  [2m0.53 kB[22m[1m[22m[2m │ gzip:   0.36 kB[22m
[90m│[39m  [43mVite[49m
[90m│[39m  [2m../../../../../../var/folders/87/mb23k9455vl5hrry5pz_tj600000gn/T/chromatic--70144-RVQbjaJ1Hkpy/[22m[2massets/[22m[36mZoomInIcon-D7xTC2uJ.js[39m[1m[2m[22m
[90m│[39m  [2m0.53 kB[22m[1m[22m[2m │ gzip:   0.36 kB[22m
[90m│[39m  [43mVite[49m
[90m│[39m  [2m../../../../../../var/folders/87/mb23k9455vl5hrry5pz_tj600000gn/T/chromatic--70144-RVQbjaJ1Hkpy/[22m[2massets/[22m[36mMapIcon-g2rpbg2j.js[39m[1m[2m[22m
[90m│[39m  [2m0.54 kB[22m[1m[22m[2m │ gzip:   0.39 kB[22m
[90m│[39m  [43mVite[49m
[90m│[39m  [2m../../../../../../var/folders/87/mb23k9455vl5hrry5pz_tj600000gn/T/chromatic--70144-RVQbjaJ1Hkpy/[22m[2massets/[22m[36mTrashIcon-CguTsf0u.js[39m[1m[2m[22m
[90m│[39m  [2m0.54 kB[22m[1m[22m[2m │ gzip:   0.40 kB[22m
[90m│[39m  [43mVite[49m
[90m│[39m  [2m../../../../../../var/folders/87/mb23k9455vl5hrry5pz_tj600000gn/T/chromatic--70144-RVQbjaJ1Hkpy/[22m[2massets/[22m[36mErrorIcon-DR5d7pG7.js[39m[1m[2m[22m
[90m│[39m  [2m0.54 kB[22m[1m[22m[2m │ gzip:   0.36 kB[22m
[90m│[39m  [43mVite[49m
[90m│[39m  [2m../../../../../../var/folders/87/mb23k9455vl5hrry5pz_tj600000gn/T/chromatic--70144-RVQbjaJ1Hkpy/[22m[2massets/[22m[36mSpinnerIcon-DW7LdAJD.js[39m[1m[2m[22m
[90m│[39m  [2m0.57 kB[22m[1m[22m[2m │ gzip:   0.40 kB[22m
[90m│[39m  [43mVite[49m
[90m│[39m  [2m../../../../../../var/folders/87/mb23k9455vl5hrry5pz_tj600000gn/T/chromatic--70144-RVQbjaJ1Hkpy/[22m[2massets/[22m[36mLocationIcon-JtF79ZIm.js[39m[1m[2m[22m
[90m│[39m  [2m0.57 kB[22m[1m[22m[2m │ gzip:   0.38 kB[22m
[90m│[39m  [43mVite[49m
[90m│[39m  [2m../../../../../../var/folders/87/mb23k9455vl5hrry5pz_tj600000gn/T/chromatic--70144-RVQbjaJ1Hkpy/[22m[2massets/[22m[36mPrintIcon-D7DgO3Nv.js[39m[1m[2m[22m
[90m│[39m  [2m0.59 kB[22m[1m[22m[2m │ gzip:   0.41 kB[22m
[90m│[39m  [43mVite[49m
[90m│[39m  [2m../../../../../../var/folders/87/mb23k9455vl5hrry5pz_tj600000gn/T/chromatic--70144-RVQbjaJ1Hkpy/[22m[2massets/[22m[36mPhoneIcon-DBw600wP.js[39m[1m[2m[22m
[90m│[39m  [2m0.59 kB[22m[1m[22m[2m │ gzip:   0.42 kB[22m
[90m│[39m  [43mVite[49m
[90m│[39m  [2m../../../../../../var/folders/87/mb23k9455vl5hrry5pz_tj600000gn/T/chromatic--70144-RVQbjaJ1Hkpy/[22m[2massets/[22m[36mNotificationIcon-D4rfGnoW.js[39m[1m[2m[22m
[90m│[39m  [2m0.62 kB[22m[1m[22m[2m │ gzip:   0.44 kB[22m
[90m│[39m  [43mVite[49m
[90m│[39m  [2m../../../../../../var/folders/87/mb23k9455vl5hrry5pz_tj600000gn/T/chromatic--70144-RVQbjaJ1Hkpy/[22m[2massets/[22m[36mChecksIcon-Fyr_Q48J.js[39m[1m[2m[22m
[90m│[39m  [2m0.63 kB[22m[1m[22m[2m │ gzip:   0.43 kB[22m
[90m│[39m  [43mVite[49m
[90m│[39m  [2m../../../../../../var/folders/87/mb23k9455vl5hrry5pz_tj600000gn/T/chromatic--70144-RVQbjaJ1Hkpy/[22m[2massets/[22m[36mLinkIcon-Dh_HS7N1.js[39m[1m[2m[22m
[90m│[39m  [2m0.64 kB[22m[1m[22m[2m │ gzip:   0.39 kB[22m
[90m│[39m  [43mVite[49m
[90m│[39m  [2m../../../../../../var/folders/87/mb23k9455vl5hrry5pz_tj600000gn/T/chromatic--70144-RVQbjaJ1Hkpy/[22m[2massets/[22m[36mExclamationTriangleIcon-DUAdQSq-.js[39m[1m[2m[22m
[90m│[39m  [2m0.64 kB[22m[1m[22m[2m │ gzip:   0.46 kB[22m
[90m│[39m  [43mVite[49m
[90m│[39m  [2m../../../../../../var/folders/87/mb23k9455vl5hrry5pz_tj600000gn/T/chromatic--70144-RVQbjaJ1Hkpy/[22m[2massets/[22m[36mUserManagementIcon-5J9kgZBS.js[39m[1m[2m[22m
[90m│[39m  [2m0.65 kB[22m[1m[22m[2m │ gzip:   0.44 kB[22m
[90m│[39m  [43mVite[49m
[90m│[39m  [2m../../../../../../var/folders/87/mb23k9455vl5hrry5pz_tj600000gn/T/chromatic--70144-RVQbjaJ1Hkpy/[22m[2massets/[22m[36mTargetIcon-DpX_De8g.js[39m[1m[2m[22m
[90m│[39m  [2m0.65 kB[22m[1m[22m[2m │ gzip:   0.44 kB[22m
[90m│[39m  [43mVite[49m
[90m│[39m  [2m../../../../../../var/folders/87/mb23k9455vl5hrry5pz_tj600000gn/T/chromatic--70144-RVQbjaJ1Hkpy/[22m[2massets/[22m[36mUploadIcon-fk_xUhnM.js[39m[1m[2m[22m
[90m│[39m  [2m0.67 kB[22m[1m[22m[2m │ gzip:   0.46 kB[22m
[90m│[39m  [43mVite[49m
[90m│[39m  [2m../../../../../../var/folders/87/mb23k9455vl5hrry5pz_tj600000gn/T/chromatic--70144-RVQbjaJ1Hkpy/[22m[2massets/[22m[36mPresentationChartIcon-CmG6H8Wm.js[39m[1m[2m[22m
[90m│[39m  [2m0.67 kB[22m[1m[22m[2m │ gzip:   0.45 kB[22m
[90m│[39m  [43mVite[49m
[90m│[39m  [2m../../../../../../var/folders/87/mb23k9455vl5hrry5pz_tj600000gn/T/chromatic--70144-RVQbjaJ1Hkpy/[22m[2massets/[22m[36mManualIdentifierIcon-Bz8bKywo.js[39m[1m[2m[22m
[90m│[39m  [2m0.71 kB[22m[1m[22m[2m │ gzip:   0.40 kB[22m
[90m│[39m  [43mVite[49m
[90m│[39m  [2m../../../../../../var/folders/87/mb23k9455vl5hrry5pz_tj600000gn/T/chromatic--70144-RVQbjaJ1Hkpy/[22m[2massets/[22m[36mUserPlusIcon-Dl_d-ngm.js[39m[1m[2m[22m
[90m│[39m  [2m0.71 kB[22m[1m[22m[2m │ gzip:   0.46 kB[22m
[90m│[39m  [43mVite[49m
[90m│[39m  [2m../../../../../../var/folders/87/mb23k9455vl5hrry5pz_tj600000gn/T/chromatic--70144-RVQbjaJ1Hkpy/[22m[2massets/[22m[36mCheckOutIcon-Cpc3C6wu.js[39m[1m[2m[22m
[90m│[39m  [2m0.72 kB[22m[1m[22m[2m │ gzip:   0.48 kB[22m
[90m│[39m  [43mVite[49m
[90m│[39m  [2m../../../../../../var/folders/87/mb23k9455vl5hrry5pz_tj600000gn/T/chromatic--70144-RVQbjaJ1Hkpy/[22m[2massets/[22m[36mUsersIcon-DXYABDRZ.js[39m[1m[2m[22m
[90m│[39m  [2m0.73 kB[22m[1m[22m[2m │ gzip:   0.40 kB[22m
[90m│[39m  [43mVite[49m
[90m│[39m  [2m../../../../../../var/folders/87/mb23k9455vl5hrry5pz_tj600000gn/T/chromatic--70144-RVQbjaJ1Hkpy/[22m[2massets/[22m[36mBrandingIcon-BrW0WUlm.js[39m[1m[2m[22m
[90m│[39m  [2m0.75 kB[22m[1m[22m[2m │ gzip:   0.49 kB[22m
[90m│[39m  [43mVite[49m
[90m│[39m  [2m../../../../../../var/folders/87/mb23k9455vl5hrry5pz_tj600000gn/T/chromatic--70144-RVQbjaJ1Hkpy/[22m[2massets/[22m[36mArchiveIcon-Bi4Q9wev.js[39m[1m[2m[22m
[90m│[39m  [2m0.75 kB[22m[1m[22m[2m │ gzip:   0.46 kB[22m
[90m│[39m  [43mVite[49m
[90m│[39m  [2m../../../../../../var/folders/87/mb23k9455vl5hrry5pz_tj600000gn/T/chromatic--70144-RVQbjaJ1Hkpy/[22m[2massets/[22m[36mEyeCheckIcon-Bmbu1NHA.js[39m[1m[2m[22m
[90m│[39m  [2m0.79 kB[22m[1m[22m[2m │ gzip:   0.51 kB[22m
[90m│[39m  [43mVite[49m
[90m│[39m  [2m../../../../../../var/folders/87/mb23k9455vl5hrry5pz_tj600000gn/T/chromatic--70144-RVQbjaJ1Hkpy/[22m[2massets/[22m[36mRobotOffIcon-BCQ4iFUV.js[39m[1m[2m[22m
[90m│[39m  [2m0.85 kB[22m[1m[22m[2m │ gzip:   0.49 kB[22m
[90m│[39m  [43mVite[49m
[90m│[39m  [2m../../../../../../var/folders/87/mb23k9455vl5hrry5pz_tj600000gn/T/chromatic--70144-RVQbjaJ1Hkpy/[22m[2massets/[22m[36mRobotIcon-Vd8iTF-k.js[39m[1m[2m[22m
[90m│[39m  [2m0.88 kB[22m[1m[22m[2m │ gzip:   0.48 kB[22m
[90m│[39m  [43mVite[49m
[90m│[39m  [2m../../../../../../var/folders/87/mb23k9455vl5hrry5pz_tj600000gn/T/chromatic--70144-RVQbjaJ1Hkpy/[22m[2massets/[22m[36mBusinessPlanIcon-BVSQ7M73.js[39m[1m[2m[22m
[90m│[39m  [2m0.93 kB[22m[1m[22m[2m │ gzip:   0.51 kB[22m
[90m│[39m  [43mVite[49m
[90m│[39m  [2m../../../../../../var/folders/87/mb23k9455vl5hrry5pz_tj600000gn/T/chromatic--70144-RVQbjaJ1Hkpy/[22m[2massets/[22m[36mGalleryPhotoIcon-CQDqLPrb.js[39m[1m[2m[22m
[90m│[39m  [2m1.03 kB[22m[1m[22m[2m │ gzip:   0.56 kB[22m
[90m│[39m  [43mVite[49m
[90m│[39m  [2m../../../../../../var/folders/87/mb23k9455vl5hrry5pz_tj600000gn/T/chromatic--70144-RVQbjaJ1Hkpy/[22m[2massets/[22m[36mGlassesIcon-CFpMr8DE.js[39m[1m[2m[22m
[90m│[39m  [2m1.20 kB[22m[1m[22m[2m │ gzip:   0.65 kB[22m
[90m│[39m  [43mVite[49m
[90m│[39m  [2m../../../../../../var/folders/87/mb23k9455vl5hrry5pz_tj600000gn/T/chromatic--70144-RVQbjaJ1Hkpy/[22m[2massets/[22m[36mRobotIcon.stories-CedSsb01.js[39m[1m[2m[22m
[90m│[39m  [2m1.23 kB[22m[1m[22m[2m │ gzip:   0.56 kB[22m
[90m│[39m  [43mVite[49m
[90m│[39m  [2m../../../../../../var/folders/87/mb23k9455vl5hrry5pz_tj600000gn/T/chromatic--70144-RVQbjaJ1Hkpy/[22m[2massets/[22m[36mChecksIcon.stories-BKdrTBmu.js[39m[1m[2m[22m
[90m│[39m  [2m1.23 kB[22m[1m[22m[2m │ gzip:   0.56 kB[22m
[90m│[39m  [43mVite[49m
[90m│[39m  [2m../../../../../../var/folders/87/mb23k9455vl5hrry5pz_tj600000gn/T/chromatic--70144-RVQbjaJ1Hkpy/[22m[2massets/[22m[36mpreload-helper-PPVm8Dsz.js[39m[1m[2m[22m
[90m│[39m  [2m1.23 kB[22m[1m[22m[2m │ gzip:   0.71 kB[22m
[90m│[39m  [43mVite[49m
[90m│[39m  [2m../../../../../../var/folders/87/mb23k9455vl5hrry5pz_tj600000gn/T/chromatic--70144-RVQbjaJ1Hkpy/[22m[2massets/[22m[36mWalletOpenIcon.stories-DGEOueR8.js[39m[1m[2m[22m
[90m│[39m  [2m1.24 kB[22m[1m[22m[2m │ gzip:   0.56 kB[22m
[90m│[39m  [43mVite[49m
[90m│[39m  [2m../../../../../../var/folders/87/mb23k9455vl5hrry5pz_tj600000gn/T/chromatic--70144-RVQbjaJ1Hkpy/[22m[2massets/[22m[36mArchiveIcon.stories-DVK9khQT.js[39m[1m[2m[22m
[90m│[39m  [2m1.24 kB[22m[1m[22m[2m │ gzip:   0.56 kB[22m
[90m│[39m  [43mVite[49m
[90m│[39m  [2m../../../../../../var/folders/87/mb23k9455vl5hrry5pz_tj600000gn/T/chromatic--70144-RVQbjaJ1Hkpy/[22m[2massets/[22m[36mGlassesIcon.stories-BmVPMyHZ.js[39m[1m[2m[22m
[90m│[39m  [2m1.24 kB[22m[1m[22m[2m │ gzip:   0.56 kB[22m
[90m│[39m  [43mVite[49m
[90m│[39m  [2m../../../../../../var/folders/87/mb23k9455vl5hrry5pz_tj600000gn/T/chromatic--70144-RVQbjaJ1Hkpy/[22m[2massets/[22m[36mCheckOutIcon.stories-BmGI8O0y.js[39m[1m[2m[22m
[90m│[39m  [2m1.24 kB[22m[1m[22m[2m │ gzip:   0.56 kB[22m
[90m│[39m  [43mVite[49m
[90m│[39m  [2m../../../../../../var/folders/87/mb23k9455vl5hrry5pz_tj600000gn/T/chromatic--70144-RVQbjaJ1Hkpy/[22m[2massets/[22m[36mEyeCheckIcon.stories-y7ZW7RnT.js[39m[1m[2m[22m
[90m│[39m  [2m1.24 kB[22m[1m[22m[2m │ gzip:   0.56 kB[22m
[90m│[39m  [43mVite[49m
[90m│[39m  [2m../../../../../../var/folders/87/mb23k9455vl5hrry5pz_tj600000gn/T/chromatic--70144-RVQbjaJ1Hkpy/[22m[2massets/[22m[36mRobotOffIcon.stories-Bog3LhX9.js[39m[1m[2m[22m
[90m│[39m  [2m1.24 kB[22m[1m[22m[2m │ gzip:   0.56 kB[22m
[90m│[39m  [43mVite[49m
[90m│[39m  [2m../../../../../../var/folders/87/mb23k9455vl5hrry5pz_tj600000gn/T/chromatic--70144-RVQbjaJ1Hkpy/[22m[2massets/[22m[36mUserPlusIcon.stories-DMwew2cm.js[39m[1m[2m[22m
[90m│[39m  [2m1.24 kB[22m[1m[22m[2m │ gzip:   0.56 kB[22m
[90m│[39m  [43mVite[49m
[90m│[39m  [2m../../../../../../var/folders/87/mb23k9455vl5hrry5pz_tj600000gn/T/chromatic--70144-RVQbjaJ1Hkpy/[22m[2massets/[22m[36mCoinsHandIcon.stories-CoUGaxmk.js[39m[1m[2m[22m
[90m│[39m  [2m1.25 kB[22m[1m[22m[2m │ gzip:   0.56 kB[22m
[90m│[39m  [43mVite[49m
[90m│[39m  [2m../../../../../../var/folders/87/mb23k9455vl5hrry5pz_tj600000gn/T/chromatic--70144-RVQbjaJ1Hkpy/[22m[2massets/[22m[36mBusinessPlanIcon.stories-CT-eiple.js[39m[1m[2m[22m
[90m│[39m  [2m1.26 kB[22m[1m[22m[2m │ gzip:   0.56 kB[22m
[90m│[39m  [43mVite[49m
[90m│[39m  [2m../../../../../../var/folders/87/mb23k9455vl5hrry5pz_tj600000gn/T/chromatic--70144-RVQbjaJ1Hkpy/[22m[2massets/[22m[36mGalleryPhotoIcon.stories-BIhqtOUX.js[39m[1m[2m[22m
[90m│[39m  [2m1.26 kB[22m[1m[22m[2m │ gzip:   0.56 kB[22m
[90m│[39m  [43mVite[49m
[90m│[39m  [2m../../../../../../var/folders/87/mb23k9455vl5hrry5pz_tj600000gn/T/chromatic--70144-RVQbjaJ1Hkpy/[22m[2massets/[22m[36mTargetIcon.stories-D4NmbHpp.js[39m[1m[2m[22m
[90m│[39m  [2m1.26 kB[22m[1m[22m[2m │ gzip:   0.56 kB[22m
[90m│[39m  [43mVite[49m
[90m│[39m  [2m../../../../../../var/folders/87/mb23k9455vl5hrry5pz_tj600000gn/T/chromatic--70144-RVQbjaJ1Hkpy/[22m[2massets/[22m[36mPresentationChartIcon.stories-MN1pbgmL.js[39m[1m[2m[22m
[90m│[39m  [2m1.29 kB[22m[1m[22m[2m │ gzip:   0.57 kB[22m
[90m│[39m  [43mVite[49m
[90m│[39m  [2m../../../../../../var/folders/87/mb23k9455vl5hrry5pz_tj600000gn/T/chromatic--70144-RVQbjaJ1Hkpy/[22m[2massets/[22m[36mExclamationTriangleIcon.stories-pGzMgreQ.js[39m[1m[2m[22m
[90m│[39m  [2m1.30 kB[22m[1m[22m[2m │ gzip:   0.57 kB[22m
[90m│[39m  [43mVite[49m
[90m│[39m  [2m../../../../../../var/folders/87/mb23k9455vl5hrry5pz_tj600000gn/T/chromatic--70144-RVQbjaJ1Hkpy/[22m[2massets/[22m[36mSettingsIcon-BARtjKOo.js[39m[1m[2m[22m
[90m│[39m  [2m1.42 kB[22m[1m[22m[2m │ gzip:   0.49 kB[22m
[90m│[39m  [43mVite[49m
[90m│[39m  [2m../../../../../../var/folders/87/mb23k9455vl5hrry5pz_tj600000gn/T/chromatic--70144-RVQbjaJ1Hkpy/[22m[2massets/[22m[36mWalletOpenIcon-DU0a7QsE.js[39m[1m[2m[22m
[90m│[39m  [2m1.48 kB[22m[1m[22m[2m │ gzip:   0.80 kB[22m
[90m│[39m  [43mVite[49m
[90m│[39m  [2m../../../../../../var/folders/87/mb23k9455vl5hrry5pz_tj600000gn/T/chromatic--70144-RVQbjaJ1Hkpy/[22m[2massets/[22m[36mCoinsHandIcon-DPv8-7sW.js[39m[1m[2m[22m
[90m│[39m  [2m1.77 kB[22m[1m[22m[2m │ gzip:   0.96 kB[22m
[90m│[39m  [43mVite[49m
[90m│[39m  [2m../../../../../../var/folders/87/mb23k9455vl5hrry5pz_tj600000gn/T/chromatic--70144-RVQbjaJ1Hkpy/[22m[2massets/[22m[36mMapIcon.stories-CxcTIlkn.js[39m[1m[2m[22m
[90m│[39m  [2m1.93 kB[22m[1m[22m[2m │ gzip:   0.68 kB[22m
[90m│[39m  [43mVite[49m
[90m│[39m  [2m../../../../../../var/folders/87/mb23k9455vl5hrry5pz_tj600000gn/T/chromatic--70144-RVQbjaJ1Hkpy/[22m[2massets/[22m[36mMoreIcon.stories-DhCjfB7G.js[39m[1m[2m[22m
[90m│[39m  [2m1.93 kB[22m[1m[22m[2m │ gzip:   0.68 kB[22m
[90m│[39m  [43mVite[49m
[90m│[39m  [2m../../../../../../var/folders/87/mb23k9455vl5hrry5pz_tj600000gn/T/chromatic--70144-RVQbjaJ1Hkpy/[22m[2massets/[22m[36mCityIcon.stories-DBCoMlpF.js[39m[1m[2m[22m
[90m│[39m  [2m1.93 kB[22m[1m[22m[2m │ gzip:   0.68 kB[22m
[90m│[39m  [43mVite[49m
[90m│[39m  [2m../../../../../../var/folders/87/mb23k9455vl5hrry5pz_tj600000gn/T/chromatic--70144-RVQbjaJ1Hkpy/[22m[2massets/[22m[36mClockIcon.stories-CUzBf5Gv.js[39m[1m[2m[22m
[90m│[39m  [2m1.94 kB[22m[1m[22m[2m │ gzip:   0.69 kB[22m
[90m│[39m  [43mVite[49m
[90m│[39m  [2m../../../../../../var/folders/87/mb23k9455vl5hrry5pz_tj600000gn/T/chromatic--70144-RVQbjaJ1Hkpy/[22m[2massets/[22m[36mEmailIcon.stories-BuvWqfMf.js[39m[1m[2m[22m
[90m│[39m  [2m1.94 kB[22m[1m[22m[2m │ gzip:   0.69 kB[22m
[90m│[39m  [43mVite[49m
[90m│[39m  [2m../../../../../../var/folders/87/mb23k9455vl5hrry5pz_tj600000gn/T/chromatic--70144-RVQbjaJ1Hkpy/[22m[2massets/[22m[36mPhoneIcon.stories-DnZe8s-R.js[39m[1m[2m[22m
[90m│[39m  [2m1.94 kB[22m[1m[22m[2m │ gzip:   0.69 kB[22m
[90m│[39m  [43mVite[49m
[90m│[39m  [2m../../../../../../var/folders/87/mb23k9455vl5hrry5pz_tj600000gn/T/chromatic--70144-RVQbjaJ1Hkpy/[22m[2massets/[22m[36mRadioButton-CCy3C-gU.js[39m[1m[2m[22m
[90m│[39m  [2m1.95 kB[22m[1m[22m[2m │ gzip:   0.80 kB[22m
[90m│[39m  [43mVite[49m
[90m│[39m  [2m../../../../../../var/folders/87/mb23k9455vl5hrry5pz_tj600000gn/T/chromatic--70144-RVQbjaJ1Hkpy/[22m[2massets/[22m[36mLocationIcon.stories-B_I8F94C.js[39m[1m[2m[22m
[90m│[39m  [2m1.95 kB[22m[1m[22m[2m │ gzip:   0.68 kB[22m
[90m│[39m  [43mVite[49m
[90m│[39m  [2m../../../../../../var/folders/87/mb23k9455vl5hrry5pz_tj600000gn/T/chromatic--70144-RVQbjaJ1Hkpy/[22m[2massets/[22m[36mSystemIdentifierIcon-DFqAloec.js[39m[1m[2m[22m
[90m│[39m  [2m2.65 kB[22m[1m[22m[2m │ gzip:   0.93 kB[22m
[90m│[39m  [43mVite[49m
[90m│[39m  [2m../../../../../../var/folders/87/mb23k9455vl5hrry5pz_tj600000gn/T/chromatic--70144-RVQbjaJ1Hkpy/[22m[2massets/[22m[36mSearchIcon.stories-DePabzvU.js[39m[1m[2m[22m
[90m│[39m  [2m2.90 kB[22m[1m[22m[2m │ gzip:   0.90 kB[22m
[90m│[39m  [43mVite[49m
[90m│[39m  [2m../../../../../../var/folders/87/mb23k9455vl5hrry5pz_tj600000gn/T/chromatic--70144-RVQbjaJ1Hkpy/[22m[2massets/[22m[36mInfoIcon.stories-BAyH_IGI.js[39m[1m[2m[22m
[90m│[39m  [2m2.90 kB[22m[1m[22m[2m │ gzip:   0.92 kB[22m
[90m│[39m  [43mVite[49m
[90m│[39m  [2m../../../../../../var/folders/87/mb23k9455vl5hrry5pz_tj600000gn/T/chromatic--70144-RVQbjaJ1Hkpy/[22m[2massets/[22m[36mPlusIcon.stories-BeLnDhaU.js[39m[1m[2m[22m
[90m│[39m  [2m2.90 kB[22m[1m[22m[2m │ gzip:   0.92 kB[22m
[90m│[39m  [43mVite[49m
[90m│[39m  [2m../../../../../../var/folders/87/mb23k9455vl5hrry5pz_tj600000gn/T/chromatic--70144-RVQbjaJ1Hkpy/[22m[2massets/[22m[36mCheckIcon.stories-CaykkZyO.js[39m[1m[2m[22m
[90m│[39m  [2m2.91 kB[22m[1m[22m[2m │ gzip:   0.92 kB[22m
[90m│[39m  [43mVite[49m
[90m│[39m  [2m../../../../../../var/folders/87/mb23k9455vl5hrry5pz_tj600000gn/T/chromatic--70144-RVQbjaJ1Hkpy/[22m[2massets/[22m[36mUsersIcon.stories-Bnth6GoL.js[39m[1m[2m[22m
[90m│[39m  [2m2.91 kB[22m[1m[22m[2m │ gzip:   0.92 kB[22m
[90m│[39m  [43mVite[49m
[90m│[39m  [2m../../../../../../var/folders/87/mb23k9455vl5hrry5pz_tj600000gn/T/chromatic--70144-RVQbjaJ1Hkpy/[22m[2massets/[22m[36mDocumentIcon.stories-Cptk9pJb.js[39m[1m[2m[22m
[90m│[39m  [2m2.97 kB[22m[1m[22m[2m │ gzip:   0.92 kB[22m
[90m│[39m  [43mVite[49m
[90m│[39m  [2m../../../../../../var/folders/87/mb23k9455vl5hrry5pz_tj600000gn/T/chromatic--70144-RVQbjaJ1Hkpy/[22m[2massets/[22m[36mEditIcon.stories-Cq09mgvy.js[39m[1m[2m[22m
[90m│[39m  [2m3.65 kB[22m[1m[22m[2m │ gzip:   1.10 kB[22m
[90m│[39m  [43mVite[49m
[90m│[39m  [2m../../../../../../var/folders/87/mb23k9455vl5hrry5pz_tj600000gn/T/chromatic--70144-RVQbjaJ1Hkpy/[22m[2massets/[22m[36mPrintIcon.stories-a4I_iQQT.js[39m[1m[2m[22m
[90m│[39m  [2m3.71 kB[22m[1m[22m[2m │ gzip:   1.11 kB[22m
[90m│[39m  [43mVite[49m
[90m│[39m  [2m../../../../../../var/folders/87/mb23k9455vl5hrry5pz_tj600000gn/T/chromatic--70144-RVQbjaJ1Hkpy/[22m[2massets/[22m[36mArrowDetailsIcon.stories-CYeL5ziq.js[39m[1m[2m[22m
[90m│[39m  [2m3.84 kB[22m[1m[22m[2m │ gzip:   1.13 kB[22m
[90m│[39m  [43mVite[49m
[90m│[39m  [2m../../../../../../var/folders/87/mb23k9455vl5hrry5pz_tj600000gn/T/chromatic--70144-RVQbjaJ1Hkpy/[22m[2massets/[22m[36mHomeIcon.stories-DGpjJstv.js[39m[1m[2m[22m
[90m│[39m  [2m4.97 kB[22m[1m[22m[2m │ gzip:   0.95 kB[22m
[90m│[39m  [43mVite[49m
[90m│[39m  [2m../../../../../../var/folders/87/mb23k9455vl5hrry5pz_tj600000gn/T/chromatic--70144-RVQbjaJ1Hkpy/[22m[2massets/[22m[36mTrashIcon.stories-BBKGGCSg.js[39m[1m[2m[22m
[90m│[39m  [2m4.98 kB[22m[1m[22m[2m │ gzip:   1.26 kB[22m
[90m│[39m  [43mVite[49m
[90m│[39m  [2m../../../../../../var/folders/87/mb23k9455vl5hrry5pz_tj600000gn/T/chromatic--70144-RVQbjaJ1Hkpy/[22m[2massets/[22m[36mSpinnerIcon.stories-DxXiHQ6p.js[39m[1m[2m[22m
[90m│[39m  [2m5.00 kB[22m[1m[22m[2m │ gzip:   0.95 kB[22m
[90m│[39m  [43mVite[49m
[90m│[39m  [2m../../../../../../var/folders/87/mb23k9455vl5hrry5pz_tj600000gn/T/chromatic--70144-RVQbjaJ1Hkpy/[22m[2massets/[22m[36mPatientIcon.stories-BdJJRtHR.js[39m[1m[2m[22m
[90m│[39m  [2m5.00 kB[22m[1m[22m[2m │ gzip:   0.95 kB[22m
[90m│[39m  [43mVite[49m
[90m│[39m  [2m../../../../../../var/folders/87/mb23k9455vl5hrry5pz_tj600000gn/T/chromatic--70144-RVQbjaJ1Hkpy/[22m[2massets/[22m[36mUserSelectIcon.stories-Cfuhulu3.js[39m[1m[2m[22m
[90m│[39m  [2m5.04 kB[22m[1m[22m[2m │ gzip:   0.95 kB[22m
[90m│[39m  [43mVite[49m
[90m│[39m  [2m../../../../../../var/folders/87/mb23k9455vl5hrry5pz_tj600000gn/T/chromatic--70144-RVQbjaJ1Hkpy/[22m[2massets/[22m[36mMinusIcon.stories-ejivq8Rj.js[39m[1m[2m[22m
[90m│[39m  [2m5.14 kB[22m[1m[22m[2m │ gzip:   0.96 kB[22m
[90m│[39m  [43mVite[49m
[90m│[39m  [2m../../../../../../var/folders/87/mb23k9455vl5hrry5pz_tj600000gn/T/chromatic--70144-RVQbjaJ1Hkpy/[22m[2massets/[22m[36mCloseIcon.stories-C1ZZ6oqc.js[39m[1m[2m[22m
[90m│[39m  [2m5.16 kB[22m[1m[22m[2m │ gzip:   0.97 kB[22m
[90m│[39m  [43mVite[49m
[90m│[39m  [2m../../../../../../var/folders/87/mb23k9455vl5hrry5pz_tj600000gn/T/chromatic--70144-RVQbjaJ1Hkpy/[22m[2massets/[22m[36mEyeIcon.stories-_zTagcOY.js[39m[1m[2m[22m
[90m│[39m  [2m5.16 kB[22m[1m[22m[2m │ gzip:   0.97 kB[22m
[90m│[39m  [43mVite[49m
[90m│[39m  [2m../../../../../../var/folders/87/mb23k9455vl5hrry5pz_tj600000gn/T/chromatic--70144-RVQbjaJ1Hkpy/[22m[2massets/[22m[36mZoomOutIcon.stories-DcrCNxjF.js[39m[1m[2m[22m
[90m│[39m  [2m5.20 kB[22m[1m[22m[2m │ gzip:   1.02 kB[22m
[90m│[39m  [43mVite[49m
[90m│[39m  [2m../../../../../../var/folders/87/mb23k9455vl5hrry5pz_tj600000gn/T/chromatic--70144-RVQbjaJ1Hkpy/[22m[2massets/[22m[36mZoomInIcon.stories-BzAQZOof.js[39m[1m[2m[22m
[90m│[39m  [2m5.20 kB[22m[1m[22m[2m │ gzip:   1.02 kB[22m
[90m│[39m  [43mVite[49m
[90m│[39m  [2m../../../../../../var/folders/87/mb23k9455vl5hrry5pz_tj600000gn/T/chromatic--70144-RVQbjaJ1Hkpy/[22m[2massets/[22m[36mDownloadIcon.stories-DaBfoWJm.js[39m[1m[2m[22m
[90m│[39m  [2m5.21 kB[22m[1m[22m[2m │ gzip:   0.98 kB[22m
[90m│[39m  [43mVite[49m
[90m│[39m  [2m../../../../../../var/folders/87/mb23k9455vl5hrry5pz_tj600000gn/T/chromatic--70144-RVQbjaJ1Hkpy/[22m[2massets/[22m[36mSettingsIcon.stories-BFvZvVWV.js[39m[1m[2m[22m
[90m│[39m  [2m5.23 kB[22m[1m[22m[2m │ gzip:   0.98 kB[22m
[90m│[39m  [43mVite[49m
[90m│[39m  [2m../../../../../../var/folders/87/mb23k9455vl5hrry5pz_tj600000gn/T/chromatic--70144-RVQbjaJ1Hkpy/[22m[2massets/[22m[36mFilterIcon.stories--0EZykM3.js[39m[1m[2m[22m
[90m│[39m  [2m5.42 kB[22m[1m[22m[2m │ gzip:   1.15 kB[22m
[90m│[39m  [43mVite[49m
[90m│[39m  [2m../../../../../../var/folders/87/mb23k9455vl5hrry5pz_tj600000gn/T/chromatic--70144-RVQbjaJ1Hkpy/[22m[2massets/[22m[36mRefreshIcon.stories-Cdyi7o0Z.js[39m[1m[2m[22m
[90m│[39m  [2m5.75 kB[22m[1m[22m[2m │ gzip:   1.37 kB[22m
[90m│[39m  [43mVite[49m
[90m│[39m  [2m../../../../../../var/folders/87/mb23k9455vl5hrry5pz_tj600000gn/T/chromatic--70144-RVQbjaJ1Hkpy/[22m[2massets/[22m[36mPatientsIcon.stories-DFNrlC0M.js[39m[1m[2m[22m
[90m│[39m  [2m5.81 kB[22m[1m[22m[2m │ gzip:   1.06 kB[22m
[90m│[39m  [43mVite[49m
[90m│[39m  [2m../../../../../../var/folders/87/mb23k9455vl5hrry5pz_tj600000gn/T/chromatic--70144-RVQbjaJ1Hkpy/[22m[2massets/[22m[36mSystemIdentifierIcon.stories-DpJVnMGS.js[39m[1m[2m[22m
[90m│[39m  [2m5.87 kB[22m[1m[22m[2m │ gzip:   1.41 kB[22m
[90m│[39m  [43mVite[49m
[90m│[39m  [2m../../../../../../var/folders/87/mb23k9455vl5hrry5pz_tj600000gn/T/chromatic--70144-RVQbjaJ1Hkpy/[22m[2massets/[22m[36mChevronIcon.stories-w2nlAHOE.js[39m[1m[2m[22m
[90m│[39m  [2m6.08 kB[22m[1m[22m[2m │ gzip:   1.04 kB[22m
[90m│[39m  [43mVite[49m
[90m│[39m  [2m../../../../../../var/folders/87/mb23k9455vl5hrry5pz_tj600000gn/T/chromatic--70144-RVQbjaJ1Hkpy/[22m[2massets/[22m[36mLinkIcon.stories-Ch64-TE9.js[39m[1m[2m[22m
[90m│[39m  [2m6.16 kB[22m[1m[22m[2m │ gzip:   1.14 kB[22m
[90m│[39m  [43mVite[49m
[90m│[39m  [2m../../../../../../var/folders/87/mb23k9455vl5hrry5pz_tj600000gn/T/chromatic--70144-RVQbjaJ1Hkpy/[22m[2massets/[22m[36mPrescriptionIcon.stories-AexEgUZT.js[39m[1m[2m[22m
[90m│[39m  [2m6.17 kB[22m[1m[22m[2m │ gzip:   1.15 kB[22m
[90m│[39m  [43mVite[49m
[90m│[39m  [2m../../../../../../var/folders/87/mb23k9455vl5hrry5pz_tj600000gn/T/chromatic--70144-RVQbjaJ1Hkpy/[22m[2massets/[22m[36mCalendarIcon.stories-5jYxwzZs.js[39m[1m[2m[22m
[90m│[39m  [2m6.40 kB[22m[1m[22m[2m │ gzip:   1.52 kB[22m
[90m│[39m  [43mVite[49m
[90m│[39m  [2m../../../../../../var/folders/87/mb23k9455vl5hrry5pz_tj600000gn/T/chromatic--70144-RVQbjaJ1Hkpy/[22m[2massets/[22m[36mManualIdentifierIcon.stories-DDzs8SDB.js[39m[1m[2m[22m
[90m│[39m  [2m6.95 kB[22m[1m[22m[2m │ gzip:   1.37 kB[22m
[90m│[39m  [43mVite[49m
[90m│[39m  [2m../../../../../../var/folders/87/mb23k9455vl5hrry5pz_tj600000gn/T/chromatic--70144-RVQbjaJ1Hkpy/[22m[2massets/[22m[36mUserManagementIcon.stories-Ddi_X0wP.js[39m[1m[2m[22m
[90m│[39m  [2m7.01 kB[22m[1m[22m[2m │ gzip:   1.15 kB[22m
[90m│[39m  [43mVite[49m
[90m│[39m  [2m../../../../../../var/folders/87/mb23k9455vl5hrry5pz_tj600000gn/T/chromatic--70144-RVQbjaJ1Hkpy/[22m[2massets/[22m[36mStepper.stories-BNtxcSfN.js[39m[1m[2m[22m
[90m│[39m  [2m8.43 kB[22m[1m[22m[2m │ gzip:   1.93 kB[22m
[90m│[39m  [43mVite[49m
[90m│[39m  [2m../../../../../../var/folders/87/mb23k9455vl5hrry5pz_tj600000gn/T/chromatic--70144-RVQbjaJ1Hkpy/[22m[2massets/[22m[36mButton.stories-BDJvLqhf.js[39m[1m[2m[22m
[90m│[39m  [2m10.01 kB[22m[1m[22m[2m │ gzip:   2.26 kB[22m
[90m│[39m  [43mVite[49m
[90m│[39m  [2m../../../../../../var/folders/87/mb23k9455vl5hrry5pz_tj600000gn/T/chromatic--70144-RVQbjaJ1Hkpy/[22m[2massets/[22m[36mIconGallery.stories-BYirpRZD.js[39m[1m[2m[22m
[90m│[39m  [2m10.22 kB[22m[1m[22m[2m │ gzip:   3.23 kB[22m
[90m│[39m  [43mVite[49m
[90m│[39m  [2m../../../../../../var/folders/87/mb23k9455vl5hrry5pz_tj600000gn/T/chromatic--70144-RVQbjaJ1Hkpy/[22m[2massets/[22m[36mErrorIcon.stories-BzTiZp2r.js[39m[1m[2m[22m
[90m│[39m  [2m10.27 kB[22m[1m[22m[2m │ gzip:   1.83 kB[22m
[90m│[39m  [43mVite[49m
[90m│[39m  [2m../../../../../../var/folders/87/mb23k9455vl5hrry5pz_tj600000gn/T/chromatic--70144-RVQbjaJ1Hkpy/[22m[2massets/[22m[36mInfoRow.stories-OdseKMv4.js[39m[1m[2m[22m
[90m│[39m  [2m10.38 kB[22m[1m[22m[2m │ gzip:   2.70 kB[22m
[90m│[39m  [43mVite[49m
[90m│[39m  [2m../../../../../../var/folders/87/mb23k9455vl5hrry5pz_tj600000gn/T/chromatic--70144-RVQbjaJ1Hkpy/[22m[2massets/[22m[36mNotificationIcon.stories-Brob0nG1.js[39m[1m[2m[22m
[90m│[39m  [2m10.93 kB[22m[1m[22m[2m │ gzip:   1.92 kB[22m
[90m│[39m  [43mVite[49m
[90m│[39m  [2m../../../../../../var/folders/87/mb23k9455vl5hrry5pz_tj600000gn/T/chromatic--70144-RVQbjaJ1Hkpy/[22m[2massets/[22m[36mBrandingIcon.stories-BQvXEcQ0.js[39m[1m[2m[22m
[90m│[39m  [2m12.23 kB[22m[1m[22m[2m │ gzip:   2.11 kB[22m
[90m│[39m  [43mVite[49m
[90m│[39m  [2m../../../../../../var/folders/87/mb23k9455vl5hrry5pz_tj600000gn/T/chromatic--70144-RVQbjaJ1Hkpy/[22m[2massets/[22m[36mLoadingSpinner.stories-Bt9LipcX.js[39m[1m[2m[22m
[90m│[39m  [2m13.04 kB[22m[1m[22m[2m │ gzip:   2.46 kB[22m
[90m│[39m  [43mVite[49m
[90m│[39m  [2m../../../../../../var/folders/87/mb23k9455vl5hrry5pz_tj600000gn/T/chromatic--70144-RVQbjaJ1Hkpy/[22m[2massets/[22m[36mNumericPicker.stories-DJrWcfpM.js[39m[1m[2m[22m
[90m│[39m  [2m19.08 kB[22m[1m[22m[2m │ gzip:   4.44 kB[22m
[90m│[39m  [43mVite[49m
[90m│[39m  [2m../../../../../../var/folders/87/mb23k9455vl5hrry5pz_tj600000gn/T/chromatic--70144-RVQbjaJ1Hkpy/[22m[2massets/[22m[36mTextInput.stories-wDk_EEVT.js[39m[1m[2m[22m
[90m│[39m  [2m22.94 kB[22m[1m[22m[2m │ gzip:   5.59 kB[22m
[90m│[39m  [43mVite[49m
[90m│[39m  [2m../../../../../../var/folders/87/mb23k9455vl5hrry5pz_tj600000gn/T/chromatic--70144-RVQbjaJ1Hkpy/[22m[2massets/[22m[36mDrawer.stories-CaCi9vDb.js[39m[1m[2m[22m
[90m│[39m  [2m25.53 kB[22m[1m[22m[2m │ gzip:   5.59 kB[22m
[90m│[39m  [43mVite[49m
[90m│[39m  [2m../../../../../../var/folders/87/mb23k9455vl5hrry5pz_tj600000gn/T/chromatic--70144-RVQbjaJ1Hkpy/[22m[36mvite-inject-mocker-entry.js[39m[1m[2m[22m
[90m│[39m  [2m28.30 kB[22m[1m[22m[2m │ gzip:   9.84 kB[22m
[90m│[39m  [43mVite[49m
[90m│[39m  [2m../../../../../../var/folders/87/mb23k9455vl5hrry5pz_tj600000gn/T/chromatic--70144-RVQbjaJ1Hkpy/[22m[2massets/[22m[36mAutocomplete.stories-VPwa65_7.js[39m[1m[2m[22m
[90m│[39m  [2m28.77 kB[22m[1m[22m[2m │ gzip:   7.61 kB[22m
[90m│[39m  [43mVite[49m
[90m│[39m  [2m../../../../../../var/folders/87/mb23k9455vl5hrry5pz_tj600000gn/T/chromatic--70144-RVQbjaJ1Hkpy/[22m[2massets/[22m[36mRadioGroup.stories-DbXxNitb.js[39m[1m[2m[22m
[90m│[39m  [2m28.89 kB[22m[1m[22m[2m │ gzip:   5.25 kB[22m
[90m│[39m  [43mVite[49m
[90m│[39m  [2m../../../../../../var/folders/87/mb23k9455vl5hrry5pz_tj600000gn/T/chromatic--70144-RVQbjaJ1Hkpy/[22m[2massets/[22m[36mmatchers-DMFSMG2O-HJu_DfWo.js[39m[1m[2m[22m
[90m│[39m  [2m29.23 kB[22m[1m[22m[2m │ gzip:  10.06 kB[22m
[90m│[39m  [43mVite[49m
[90m│[39m  [2m../../../../../../var/folders/87/mb23k9455vl5hrry5pz_tj600000gn/T/chromatic--70144-RVQbjaJ1Hkpy/[22m[2massets/[22m[36mColor-ASIRERSW-MoAvyCqV.js[39m[1m[2m[22m
[90m│[39m  [2m29.96 kB[22m[1m[22m[2m │ gzip:  11.38 kB[22m
[90m│[39m  [43mVite[49m
[90m│[39m  [2m../../../../../../var/folders/87/mb23k9455vl5hrry5pz_tj600000gn/T/chromatic--70144-RVQbjaJ1Hkpy/[22m[2massets/[22m[36mRadioButton.stories-C_Dq_VWR.js[39m[1m[2m[22m
[90m│[39m  [2m31.35 kB[22m[1m[22m[2m │ gzip:   5.19 kB[22m
[90m│[39m  [43mVite[49m
[90m│[39m  [2m../../../../../../var/folders/87/mb23k9455vl5hrry5pz_tj600000gn/T/chromatic--70144-RVQbjaJ1Hkpy/[22m[2massets/[22m[36mIconButton.stories-BniNIEjx.js[39m[1m[2m[22m
[90m│[39m  [2m32.99 kB[22m[1m[22m[2m │ gzip:   4.96 kB[22m
[90m│[39m  [43mVite[49m
[90m│[39m  [2m../../../../../../var/folders/87/mb23k9455vl5hrry5pz_tj600000gn/T/chromatic--70144-RVQbjaJ1Hkpy/[22m[2massets/[22m[36mWithTooltip-IO6J4KBT-BGxsLuwn.js[39m[1m[2m[22m
[90m│[39m  [2m33.10 kB[22m[1m[22m[2m │ gzip:  11.67 kB[22m
[90m│[39m  [43mVite[49m
[90m│[39m  [2m../../../../../../var/folders/87/mb23k9455vl5hrry5pz_tj600000gn/T/chromatic--70144-RVQbjaJ1Hkpy/[22m[2massets/[22m[36mNumericUpPicker.stories-CB8JKvK2.js[39m[1m[2m[22m
[90m│[39m  [2m43.97 kB[22m[1m[22m[2m │ gzip:   9.09 kB[22m
[90m│[39m  [43mVite[49m
[90m│[39m  [2m../../../../../../var/folders/87/mb23k9455vl5hrry5pz_tj600000gn/T/chromatic--70144-RVQbjaJ1Hkpy/[22m[2massets/[22m[36msyntaxhighlighter-IQDEPFLK-D0_X_DWC.js[39m[1m[2m[22m
[90m│[39m  [2m77.95 kB[22m[1m[22m[2m │ gzip:  27.35 kB[22m
[90m│[39m  [43mVite[49m
[90m│[39m  [2m../../../../../../var/folders/87/mb23k9455vl5hrry5pz_tj600000gn/T/chromatic--70144-RVQbjaJ1Hkpy/[22m[2massets/[22m[36mreact-18-DtK_Wsg2.js[39m[1m[2m[22m
[90m│[39m  [2m184.88 kB[22m[1m[22m[2m │ gzip:  58.01 kB[22m
[90m│[39m  [43mVite[49m
[90m│[39m  [2m../../../../../../var/folders/87/mb23k9455vl5hrry5pz_tj600000gn/T/chromatic--70144-RVQbjaJ1Hkpy/[22m[2massets/[22m[36maxe-Bg4e3Mix.js[39m[1m[33m[39m
[90m│[39m  [33m578.27 kB[39m[22m[2m │ gzip: 159.21 kB[22m
[90m│[39m  [43mVite[49m
[90m│[39m  [2m../../../../../../var/folders/87/mb23k9455vl5hrry5pz_tj600000gn/T/chromatic--70144-RVQbjaJ1Hkpy/[22m[2massets/[22m[36mDocsRenderer-GHJI37HO-CzHnNUWv.js[39m[1m[33m[39m
[90m│[39m  [33m802.70 kB[39m[22m[2m │ gzip: 256.91 kB[22m
[90m│[39m  [43mVite[49m
[90m│[39m  [2m../../../../../../var/folders/87/mb23k9455vl5hrry5pz_tj600000gn/T/chromatic--70144-RVQbjaJ1Hkpy/[22m[2massets/[22m[36miframe-7suqczPD.js[39m
[90m│[39m  [36m[39m[1m[33m1,100.60 kB[39m[22m[2m │ gzip: 313.07 kB[22m
[90m│[39m
[33m▲[39m  [43mVite[49m[33m
[90m│[39m  (!) Some chunks are larger than 500 kB after minification. Consider:
[90m│[39m  - Using dynamic import() to code-split the application
[90m│[39m  - Use build.rollupOptions.output.manualChunks to improve chunking:
[90m│[39m  ]8;;https://rollupjs.org/configuration-options/#output-manualchunkshttps://rollupjs.org/configuration-options/#output-manualchunks]8;;
[90m│[39m  - Adjust chunk size limit for this warning via
[90m│[39m  build.chunkSizeWarningLimit.[39m
[90m│[39m  [43mVite[49m [32m✓ built in 4.12s[39m
[90m│[39m
[32m◇[39m  Output directory:
[90m│[39m  /var/folders/87/mb23k9455vl5hrry5pz_tj600000gn/T/chromatic--70144-RVQbjaJ1Hkpy
[90m│[39m
[90m└[39m  Storybook build completed successfully

